# JRE version: OpenJDK Runtime Environment (11.0.12+7) (build 11.0.12+7-b1504.28-7817840)
# Java VM: OpenJDK 64-Bit Server VM (11.0.12+7-b1504.28-7817840, mixed mode, tiered, compressed oops, g1 gc, windows-amd64)
Heap:
 garbage-first heap   total 555008K, used 224256K [0x0000000080000000, 0x0000000100000000)
  region size 1024K, 3 young (3072K), 3 survivors (3072K)
 Metaspace       used 145829K, capacity 149602K, committed 149760K, reserved 1179648K
  class space    used 17704K, capacity 19124K, committed 19200K, reserved 1048576K
GC Heap History (20 events):
Event: 3199.474 GC heap after
{Heap after GC invocations=302 (full 0):
 garbage-first heap   total 490496K, used 230665K [0x0000000080000000, 0x0000000100000000)
  region size 1024K, 3 young (3072K), 3 survivors (3072K)
 Metaspace       used 140949K, capacity 144458K, committed 144512K, reserved 1175552K
  class space    used 17239K, capacity 18540K, committed 18560K, reserved 1048576K
}
Event: 3201.489 GC heap before
{Heap before GC invocations=302 (full 0):
 garbage-first heap   total 490496K, used 250121K [0x0000000080000000, 0x0000000100000000)
  region size 1024K, 23 young (23552K), 3 survivors (3072K)
 Metaspace       used 142033K, capacity 145574K, committed 145792K, reserved 1175552K
  class space    used 17361K, capacity 18699K, committed 18816K, reserved 1048576K
}
Event: 3201.603 GC heap after
{Heap after GC invocations=303 (full 0):
 garbage-first heap   total 490496K, used 219660K [0x0000000080000000, 0x0000000100000000)
  region size 1024K, 3 young (3072K), 3 survivors (3072K)
 Metaspace       used 142033K, capacity 145574K, committed 145792K, reserved 1175552K
  class space    used 17361K, capacity 18699K, committed 18816K, reserved 1048576K
}
Event: 3205.996 GC heap before
{Heap before GC invocations=303 (full 0):
 garbage-first heap   total 490496K, used 240140K [0x0000000080000000, 0x0000000100000000)
  region size 1024K, 23 young (23552K), 3 survivors (3072K)
 Metaspace       used 144763K, capacity 148461K, committed 148736K, reserved 1179648K
  class space    used 17700K, capacity 19102K, committed 19200K, reserved 1048576K
}
Event: 3206.132 GC heap after
{Heap after GC invocations=304 (full 0):
 garbage-first heap   total 490496K, used 209632K [0x0000000080000000, 0x0000000100000000)
  region size 1024K, 1 young (1024K), 1 survivors (1024K)
 Metaspace       used 144763K, capacity 148461K, committed 148736K, reserved 1179648K
  class space    used 17700K, capacity 19102K, committed 19200K, reserved 1048576K
}
Event: 3211.275 GC heap before
{Heap before GC invocations=304 (full 0):
 garbage-first heap   total 490496K, used 231136K [0x0000000080000000, 0x0000000100000000)
  region size 1024K, 23 young (23552K), 1 survivors (1024K)
 Metaspace       used 145768K, capacity 149471K, committed 149760K, reserved 1179648K
  class space    used 17705K, capacity 19106K, committed 19200K, reserved 1048576K
}
Event: 3211.405 GC heap after
{Heap after GC invocations=305 (full 0):
 garbage-first heap   total 490496K, used 200523K [0x0000000080000000, 0x0000000100000000)
  region size 1024K, 2 young (2048K), 2 survivors (2048K)
 Metaspace       used 145768K, capacity 149471K, committed 149760K, reserved 1179648K
  class space    used 17705K, capacity 19106K, committed 19200K, reserved 1048576K
}
Event: 3212.898 GC heap before
{Heap before GC invocations=305 (full 0):
 garbage-first heap   total 490496K, used 260939K [0x0000000080000000, 0x0000000100000000)
  region size 1024K, 23 young (23552K), 2 survivors (2048K)
 Metaspace       used 145850K, capacity 149645K, committed 149760K, reserved 1179648K
  class space    used 17712K, capacity 19140K, committed 19200K, reserved 1048576K
}
Event: 3213.035 GC heap after
{Heap after GC invocations=306 (full 0):
 garbage-first heap   total 490496K, used 219136K [0x0000000080000000, 0x0000000100000000)
  region size 1024K, 3 young (3072K), 3 survivors (3072K)
 Metaspace       used 145850K, capacity 149645K, committed 149760K, reserved 1179648K
  class space    used 17712K, capacity 19140K, committed 19200K, reserved 1048576K
}
Event: 3213.079 GC heap before
{Heap before GC invocations=306 (full 0):
 garbage-first heap   total 490496K, used 223232K [0x0000000080000000, 0x0000000100000000)
  region size 1024K, 8 young (8192K), 3 survivors (3072K)
 Metaspace       used 145850K, capacity 149645K, committed 149760K, reserved 1179648K
  class space    used 17712K, capacity 19140K, committed 19200K, reserved 1048576K
}
Event: 3213.141 GC heap after
{Heap after GC invocations=307 (full 0):
 garbage-first heap   total 490496K, used 222400K [0x0000000080000000, 0x0000000100000000)
  region size 1024K, 3 young (3072K), 3 survivors (3072K)
 Metaspace       used 145850K, capacity 149645K, committed 149760K, reserved 1179648K
  class space    used 17712K, capacity 19140K, committed 19200K, reserved 1048576K
}
Event: 3215.000 GC heap before
{Heap before GC invocations=308 (full 0):
 garbage-first heap   total 490496K, used 223424K [0x0000000080000000, 0x0000000100000000)
  region size 1024K, 23 young (23552K), 3 survivors (3072K)
 Metaspace       used 145828K, capacity 149602K, committed 149760K, reserved 1179648K
  class space    used 17704K, capacity 19124K, committed 19200K, reserved 1048576K
}
Event: 3215.167 GC heap after
{Heap after GC invocations=309 (full 0):
 garbage-first heap   total 490496K, used 210691K [0x0000000080000000, 0x0000000100000000)
  region size 1024K, 3 young (3072K), 3 survivors (3072K)
 Metaspace       used 145828K, capacity 149602K, committed 149760K, reserved 1179648K
  class space    used 17704K, capacity 19124K, committed 19200K, reserved 1048576K
}
Event: 3216.036 GC heap before
{Heap before GC invocations=309 (full 0):
 garbage-first heap   total 490496K, used 231171K [0x0000000080000000, 0x0000000100000000)
  region size 1024K, 23 young (23552K), 3 survivors (3072K)
 Metaspace       used 145829K, capacity 149602K, committed 149760K, reserved 1179648K
  class space    used 17704K, capacity 19124K, committed 19200K, reserved 1048576K
}
Event: 3216.237 GC heap after
{Heap after GC invocations=310 (full 0):
 garbage-first heap   total 490496K, used 211456K [0x0000000080000000, 0x0000000100000000)
  region size 1024K, 3 young (3072K), 3 survivors (3072K)
 Metaspace       used 145829K, capacity 149602K, committed 149760K, reserved 1179648K
  class space    used 17704K, capacity 19124K, committed 19200K, reserved 1048576K
}
Event: 3217.875 GC heap before
{Heap before GC invocations=310 (full 0):
 garbage-first heap   total 490496K, used 231936K [0x0000000080000000, 0x0000000100000000)
  region size 1024K, 23 young (23552K), 3 survivors (3072K)
 Metaspace       used 145829K, capacity 149602K, committed 149760K, reserved 1179648K
  class space    used 17704K, capacity 19124K, committed 19200K, reserved 1048576K
}
Event: 3218.079 GC heap after
{Heap after GC invocations=311 (full 0):
 garbage-first heap   total 490496K, used 211968K [0x0000000080000000, 0x0000000100000000)
  region size 1024K, 3 young (3072K), 3 survivors (3072K)
 Metaspace       used 145829K, capacity 149602K, committed 149760K, reserved 1179648K
  class space    used 17704K, capacity 19124K, committed 19200K, reserved 1048576K
}
Event: 3219.152 GC heap before
{Heap before GC invocations=311 (full 0):
 garbage-first heap   total 490496K, used 232448K [0x0000000080000000, 0x0000000100000000)
  region size 1024K, 23 young (23552K), 3 survivors (3072K)
 Metaspace       used 145829K, capacity 149602K, committed 149760K, reserved 1179648K
  class space    used 17704K, capacity 19124K, committed 19200K, reserved 1048576K
}
Event: 3219.336 GC heap after
{Heap after GC invocations=312 (full 0):
 garbage-first heap   total 490496K, used 220672K [0x0000000080000000, 0x0000000100000000)
  region size 1024K, 3 young (3072K), 3 survivors (3072K)
 Metaspace       used 145829K, capacity 149602K, committed 149760K, reserved 1179648K
  class space    used 17704K, capacity 19124K, committed 19200K, reserved 1048576K
}
Event: 3219.649 GC heap before
{Heap before GC invocations=312 (full 0):
 garbage-first heap   total 490496K, used 225792K [0x0000000080000000, 0x0000000100000000)
  region size 1024K, 9 young (9216K), 3 survivors (3072K)
 Metaspace       used 145829K, capacity 149602K, committed 149760K, reserved 1179648K
  class space    used 17704K, capacity 19124K, committed 19200K, reserved 1048576K
}

