# JRE version: OpenJDK Runtime Environment (11.0.12+7) (build 11.0.12+7-b1504.28-7817840)
# Java VM: OpenJDK 64-Bit Server VM (11.0.12+7-b1504.28-7817840, mixed mode, tiered, compressed oops, g1 gc, windows-amd64)
Heap:
 garbage-first heap   total 270336K, used 180239K [0x0000000080000000, 0x0000000100000000)
  region size 1024K, 27 young (27648K), 1 survivors (1024K)
 Metaspace       used 152517K, capacity 156780K, committed 156928K, reserved 1185792K
  class space    used 18399K, capacity 19917K, committed 19968K, reserved 1048576K
GC Heap History (20 events):
Event: 11533.318 GC heap before
{Heap before GC invocations=337 (full 0):
 garbage-first heap   total 270336K, used 163307K [0x0000000080000000, 0x0000000100000000)
  region size 1024K, 13 young (13312K), 1 survivors (1024K)
 Metaspace       used 137749K, capacity 141259K, committed 141440K, reserved 1173504K
  class space    used 16515K, capacity 17764K, committed 17792K, reserved 1048576K
}
Event: 11533.342 GC heap after
{Heap after GC invocations=338 (full 0):
 garbage-first heap   total 270336K, used 149940K [0x0000000080000000, 0x0000000100000000)
  region size 1024K, 2 young (2048K), 2 survivors (2048K)
 Metaspace       used 137749K, capacity 141259K, committed 141440K, reserved 1173504K
  class space    used 16515K, capacity 17764K, committed 17792K, reserved 1048576K
}
Event: 11558.614 GC heap before
{Heap before GC invocations=338 (full 0):
 garbage-first heap   total 270336K, used 227764K [0x0000000080000000, 0x0000000100000000)
  region size 1024K, 79 young (80896K), 2 survivors (2048K)
 Metaspace       used 146903K, capacity 150770K, committed 151040K, reserved 1181696K
  class space    used 17831K, capacity 19184K, committed 19200K, reserved 1048576K
}
Event: 11558.675 GC heap after
{Heap after GC invocations=339 (full 0):
 garbage-first heap   total 270336K, used 153450K [0x0000000080000000, 0x0000000100000000)
  region size 1024K, 6 young (6144K), 6 survivors (6144K)
 Metaspace       used 146903K, capacity 150770K, committed 151040K, reserved 1181696K
  class space    used 17831K, capacity 19184K, committed 19200K, reserved 1048576K
}
Event: 11569.897 GC heap before
{Heap before GC invocations=340 (full 0):
 garbage-first heap   total 270336K, used 229226K [0x0000000080000000, 0x0000000100000000)
  region size 1024K, 80 young (81920K), 6 survivors (6144K)
 Metaspace       used 149267K, capacity 153121K, committed 153344K, reserved 1183744K
  class space    used 18011K, capacity 19392K, committed 19456K, reserved 1048576K
}
Event: 11569.991 GC heap after
{Heap after GC invocations=341 (full 0):
 garbage-first heap   total 270336K, used 158420K [0x0000000080000000, 0x0000000100000000)
  region size 1024K, 10 young (10240K), 10 survivors (10240K)
 Metaspace       used 149267K, capacity 153121K, committed 153344K, reserved 1183744K
  class space    used 18011K, capacity 19392K, committed 19456K, reserved 1048576K
}
Event: 11570.401 GC heap before
{Heap before GC invocations=341 (full 0):
 garbage-first heap   total 270336K, used 161492K [0x0000000080000000, 0x0000000100000000)
  region size 1024K, 13 young (13312K), 10 survivors (10240K)
 Metaspace       used 149280K, capacity 153121K, committed 153344K, reserved 1183744K
  class space    used 18011K, capacity 19392K, committed 19456K, reserved 1048576K
}
Event: 11570.481 GC heap after
{Heap after GC invocations=342 (full 0):
 garbage-first heap   total 270336K, used 154582K [0x0000000080000000, 0x0000000100000000)
  region size 1024K, 1 young (1024K), 1 survivors (1024K)
 Metaspace       used 149280K, capacity 153121K, committed 153344K, reserved 1183744K
  class space    used 18011K, capacity 19392K, committed 19456K, reserved 1048576K
}
Event: 11585.671 GC heap before
{Heap before GC invocations=342 (full 0):
 garbage-first heap   total 270336K, used 228310K [0x0000000080000000, 0x0000000100000000)
  region size 1024K, 74 young (75776K), 1 survivors (1024K)
 Metaspace       used 151544K, capacity 155587K, committed 155776K, reserved 1185792K
  class space    used 18283K, capacity 19745K, committed 19840K, reserved 1048576K
}
Event: 11585.734 GC heap after
{Heap after GC invocations=343 (full 0):
 garbage-first heap   total 270336K, used 157544K [0x0000000080000000, 0x0000000100000000)
  region size 1024K, 4 young (4096K), 4 survivors (4096K)
 Metaspace       used 151544K, capacity 155587K, committed 155776K, reserved 1185792K
  class space    used 18283K, capacity 19745K, committed 19840K, reserved 1048576K
}
Event: 11597.951 GC heap before
{Heap before GC invocations=344 (full 0):
 garbage-first heap   total 270336K, used 227176K [0x0000000080000000, 0x0000000100000000)
  region size 1024K, 74 young (75776K), 4 survivors (4096K)
 Metaspace       used 151949K, capacity 156001K, committed 156288K, reserved 1185792K
  class space    used 18325K, capacity 19774K, committed 19840K, reserved 1048576K
}
Event: 11597.995 GC heap after
{Heap after GC invocations=345 (full 0):
 garbage-first heap   total 270336K, used 155274K [0x0000000080000000, 0x0000000100000000)
  region size 1024K, 4 young (4096K), 4 survivors (4096K)
 Metaspace       used 151949K, capacity 156001K, committed 156288K, reserved 1185792K
  class space    used 18325K, capacity 19774K, committed 19840K, reserved 1048576K
}
Event: 11599.365 GC heap before
{Heap before GC invocations=345 (full 0):
 garbage-first heap   total 270336K, used 163466K [0x0000000080000000, 0x0000000100000000)
  region size 1024K, 13 young (13312K), 4 survivors (4096K)
 Metaspace       used 151961K, capacity 156001K, committed 156288K, reserved 1185792K
  class space    used 18325K, capacity 19774K, committed 19840K, reserved 1048576K
}
Event: 11599.407 GC heap after
{Heap after GC invocations=346 (full 0):
 garbage-first heap   total 270336K, used 151307K [0x0000000080000000, 0x0000000100000000)
  region size 1024K, 2 young (2048K), 2 survivors (2048K)
 Metaspace       used 151961K, capacity 156001K, committed 156288K, reserved 1185792K
  class space    used 18325K, capacity 19774K, committed 19840K, reserved 1048576K
}
Event: 11609.294 GC heap before
{Heap before GC invocations=346 (full 0):
 garbage-first heap   total 270336K, used 227083K [0x0000000080000000, 0x0000000100000000)
  region size 1024K, 76 young (77824K), 2 survivors (2048K)
 Metaspace       used 152108K, capacity 156183K, committed 156288K, reserved 1185792K
  class space    used 18329K, capacity 19809K, committed 19840K, reserved 1048576K
}
Event: 11609.384 GC heap after
{Heap after GC invocations=347 (full 0):
 garbage-first heap   total 270336K, used 154607K [0x0000000080000000, 0x0000000100000000)
  region size 1024K, 6 young (6144K), 6 survivors (6144K)
 Metaspace       used 152108K, capacity 156183K, committed 156288K, reserved 1185792K
  class space    used 18329K, capacity 19809K, committed 19840K, reserved 1048576K
}
Event: 11619.972 GC heap before
{Heap before GC invocations=348 (full 0):
 garbage-first heap   total 270336K, used 228335K [0x0000000080000000, 0x0000000100000000)
  region size 1024K, 78 young (79872K), 6 survivors (6144K)
 Metaspace       used 152131K, capacity 156196K, committed 156288K, reserved 1185792K
  class space    used 18333K, capacity 19813K, committed 19840K, reserved 1048576K
}
Event: 11620.021 GC heap after
{Heap after GC invocations=349 (full 0):
 garbage-first heap   total 270336K, used 155031K [0x0000000080000000, 0x0000000100000000)
  region size 1024K, 5 young (5120K), 5 survivors (5120K)
 Metaspace       used 152131K, capacity 156196K, committed 156288K, reserved 1185792K
  class space    used 18333K, capacity 19813K, committed 19840K, reserved 1048576K
}
Event: 11623.307 GC heap before
{Heap before GC invocations=349 (full 0):
 garbage-first heap   total 270336K, used 163223K [0x0000000080000000, 0x0000000100000000)
  region size 1024K, 13 young (13312K), 5 survivors (5120K)
 Metaspace       used 152287K, capacity 156444K, committed 156672K, reserved 1185792K
  class space    used 18373K, capacity 19877K, committed 19968K, reserved 1048576K
}
Event: 11623.364 GC heap after
{Heap after GC invocations=350 (full 0):
 garbage-first heap   total 270336K, used 154639K [0x0000000080000000, 0x0000000100000000)
  region size 1024K, 1 young (1024K), 1 survivors (1024K)
 Metaspace       used 152287K, capacity 156444K, committed 156672K, reserved 1185792K
  class space    used 18373K, capacity 19877K, committed 19968K, reserved 1048576K
}

