# JRE version: OpenJDK Runtime Environment (11.0.12+7) (build 11.0.12+7-b1504.28-7817840)
# Java VM: OpenJDK 64-Bit Server VM (11.0.12+7-b1504.28-7817840, mixed mode, tiered, compressed oops, g1 gc, windows-amd64)
Heap:
 garbage-first heap   total 552960K, used 293075K [0x0000000080000000, 0x0000000100000000)
  region size 1024K, 2 young (2048K), 2 survivors (2048K)
 Metaspace       used 114399K, capacity 117485K, committed 117628K, reserved 1150976K
  class space    used 14409K, capacity 15611K, committed 15616K, reserved 1048576K
GC Heap History (20 events):
Event: 680.745 GC heap after
{Heap after GC invocations=214 (full 0):
 garbage-first heap   total 484352K, used 215552K [0x0000000080000000, 0x0000000100000000)
  region size 1024K, 3 young (3072K), 3 survivors (3072K)
 Metaspace       used 114065K, capacity 117143K, committed 117372K, reserved 1150976K
  class space    used 14400K, capacity 15603K, committed 15616K, reserved 1048576K
}
Event: 683.577 GC heap before
{Heap before GC invocations=214 (full 0):
 garbage-first heap   total 484352K, used 236032K [0x0000000080000000, 0x0000000100000000)
  region size 1024K, 23 young (23552K), 3 survivors (3072K)
 Metaspace       used 114068K, capacity 117143K, committed 117372K, reserved 1150976K
  class space    used 14400K, capacity 15603K, committed 15616K, reserved 1048576K
}
Event: 683.719 GC heap after
{Heap after GC invocations=215 (full 0):
 garbage-first heap   total 484352K, used 226304K [0x0000000080000000, 0x0000000100000000)
  region size 1024K, 3 young (3072K), 3 survivors (3072K)
 Metaspace       used 114068K, capacity 117143K, committed 117372K, reserved 1150976K
  class space    used 14400K, capacity 15603K, committed 15616K, reserved 1048576K
}
Event: 685.948 GC heap before
{Heap before GC invocations=215 (full 0):
 garbage-first heap   total 484352K, used 246784K [0x0000000080000000, 0x0000000100000000)
  region size 1024K, 23 young (23552K), 3 survivors (3072K)
 Metaspace       used 114120K, capacity 117214K, committed 117372K, reserved 1150976K
  class space    used 14402K, capacity 15604K, committed 15616K, reserved 1048576K
}
Event: 686.075 GC heap after
{Heap after GC invocations=216 (full 0):
 garbage-first heap   total 484352K, used 232448K [0x0000000080000000, 0x0000000100000000)
  region size 1024K, 3 young (3072K), 3 survivors (3072K)
 Metaspace       used 114120K, capacity 117214K, committed 117372K, reserved 1150976K
  class space    used 14402K, capacity 15604K, committed 15616K, reserved 1048576K
}
Event: 689.233 GC heap before
{Heap before GC invocations=216 (full 0):
 garbage-first heap   total 484352K, used 252928K [0x0000000080000000, 0x0000000100000000)
  region size 1024K, 23 young (23552K), 3 survivors (3072K)
 Metaspace       used 114166K, capacity 117285K, committed 117372K, reserved 1150976K
  class space    used 14402K, capacity 15605K, committed 15616K, reserved 1048576K
}
Event: 689.296 GC heap after
{Heap after GC invocations=217 (full 0):
 garbage-first heap   total 484352K, used 234496K [0x0000000080000000, 0x0000000100000000)
  region size 1024K, 2 young (2048K), 2 survivors (2048K)
 Metaspace       used 114166K, capacity 117285K, committed 117372K, reserved 1150976K
  class space    used 14402K, capacity 15605K, committed 15616K, reserved 1048576K
}
Event: 691.750 GC heap before
{Heap before GC invocations=217 (full 0):
 garbage-first heap   total 484352K, used 254976K [0x0000000080000000, 0x0000000100000000)
  region size 1024K, 23 young (23552K), 2 survivors (2048K)
 Metaspace       used 114176K, capacity 117290K, committed 117372K, reserved 1150976K
  class space    used 14402K, capacity 15605K, committed 15616K, reserved 1048576K
}
Event: 691.789 GC heap after
{Heap after GC invocations=218 (full 0):
 garbage-first heap   total 484352K, used 236846K [0x0000000080000000, 0x0000000100000000)
  region size 1024K, 3 young (3072K), 3 survivors (3072K)
 Metaspace       used 114176K, capacity 117290K, committed 117372K, reserved 1150976K
  class space    used 14402K, capacity 15605K, committed 15616K, reserved 1048576K
}
Event: 695.421 GC heap before
{Heap before GC invocations=218 (full 0):
 garbage-first heap   total 484352K, used 261422K [0x0000000080000000, 0x0000000100000000)
  region size 1024K, 26 young (26624K), 3 survivors (3072K)
 Metaspace       used 114215K, capacity 117308K, committed 117372K, reserved 1150976K
  class space    used 14403K, capacity 15606K, committed 15616K, reserved 1048576K
}
Event: 695.499 GC heap after
{Heap after GC invocations=219 (full 0):
 garbage-first heap   total 484352K, used 240424K [0x0000000080000000, 0x0000000100000000)
  region size 1024K, 2 young (2048K), 2 survivors (2048K)
 Metaspace       used 114215K, capacity 117308K, committed 117372K, reserved 1150976K
  class space    used 14403K, capacity 15606K, committed 15616K, reserved 1048576K
}
Event: 698.477 GC heap before
{Heap before GC invocations=219 (full 0):
 garbage-first heap   total 484352K, used 266024K [0x0000000080000000, 0x0000000100000000)
  region size 1024K, 23 young (23552K), 2 survivors (2048K)
 Metaspace       used 114232K, capacity 117311K, committed 117372K, reserved 1150976K
  class space    used 14404K, capacity 15607K, committed 15616K, reserved 1048576K
}
Event: 698.552 GC heap after
{Heap after GC invocations=220 (full 0):
 garbage-first heap   total 484352K, used 248277K [0x0000000080000000, 0x0000000100000000)
  region size 1024K, 3 young (3072K), 3 survivors (3072K)
 Metaspace       used 114232K, capacity 117311K, committed 117372K, reserved 1150976K
  class space    used 14404K, capacity 15607K, committed 15616K, reserved 1048576K
}
Event: 702.243 GC heap before
{Heap before GC invocations=220 (full 0):
 garbage-first heap   total 484352K, used 275925K [0x0000000080000000, 0x0000000100000000)
  region size 1024K, 23 young (23552K), 3 survivors (3072K)
 Metaspace       used 114266K, capacity 117321K, committed 117372K, reserved 1150976K
  class space    used 14407K, capacity 15610K, committed 15616K, reserved 1048576K
}
Event: 702.319 GC heap after
{Heap after GC invocations=221 (full 0):
 garbage-first heap   total 484352K, used 257865K [0x0000000080000000, 0x0000000100000000)
  region size 1024K, 2 young (2048K), 2 survivors (2048K)
 Metaspace       used 114266K, capacity 117321K, committed 117372K, reserved 1150976K
  class space    used 14407K, capacity 15610K, committed 15616K, reserved 1048576K
}
Event: 706.051 GC heap before
{Heap before GC invocations=221 (full 0):
 garbage-first heap   total 484352K, used 302921K [0x0000000080000000, 0x0000000100000000)
  region size 1024K, 37 young (37888K), 2 survivors (2048K)
 Metaspace       used 114329K, capacity 117395K, committed 117628K, reserved 1150976K
  class space    used 14409K, capacity 15611K, committed 15616K, reserved 1048576K
}
Event: 706.080 GC heap after
{Heap after GC invocations=222 (full 0):
 garbage-first heap   total 484352K, used 270793K [0x0000000080000000, 0x0000000100000000)
  region size 1024K, 5 young (5120K), 5 survivors (5120K)
 Metaspace       used 114329K, capacity 117395K, committed 117628K, reserved 1150976K
  class space    used 14409K, capacity 15611K, committed 15616K, reserved 1048576K
}
Event: 707.908 GC heap before
{Heap before GC invocations=222 (full 0):
 garbage-first heap   total 484352K, used 317897K [0x0000000080000000, 0x0000000100000000)
  region size 1024K, 50 young (51200K), 5 survivors (5120K)
 Metaspace       used 114331K, capacity 117395K, committed 117628K, reserved 1150976K
  class space    used 14409K, capacity 15611K, committed 15616K, reserved 1048576K
}
Event: 708.031 GC heap after
{Heap after GC invocations=223 (full 0):
 garbage-first heap   total 484352K, used 280223K [0x0000000080000000, 0x0000000100000000)
  region size 1024K, 7 young (7168K), 7 survivors (7168K)
 Metaspace       used 114331K, capacity 117395K, committed 117628K, reserved 1150976K
  class space    used 14409K, capacity 15611K, committed 15616K, reserved 1048576K
}
Event: 713.228 GC heap before
{Heap before GC invocations=223 (full 0):
 garbage-first heap   total 484352K, used 337567K [0x0000000080000000, 0x0000000100000000)
  region size 1024K, 52 young (53248K), 7 survivors (7168K)
 Metaspace       used 114399K, capacity 117485K, committed 117628K, reserved 1150976K
  class space    used 14409K, capacity 15611K, committed 15616K, reserved 1048576K
}

